[ERROR]: Yosys checks have failed: Encountered check error:
Warning: Wire user_project.\wbs_dat_o [31] is used but has no driver.

Encountered check error:
Warning: Wire user_project.\wbs_dat_o [30] is used but has no driver.

Encountered check error:
Warning: Wire user_project.\la_data_out [31] is used but has no driver.

Encountered check error:
Warning: Wire user_project.\la_data_out [30] is used but has no driver.

Encountered check error:
Warning: Wire user_project.\la_data_out [29] is used but has no driver.

Encountered check error:
Warning: Wire user_project.\la_data_out [28] is used but has no driver.

Encountered check error:
Warning: Wire user_project.\la_data_out [27] is used but has no driver.

Encountered check error:
Warning: Wire user_project.\la_data_out [26] is used but has no driver.

Encountered check error:
Warning: Wire user_project.\la_data_out [25] is used but has no driver.

Encountered check error:
Warning: Wire user_project.\la_data_out [24] is used but has no driver.

Encountered check error:
Warning: Wire user_project.\la_data_out [23] is used but has no driver.

Encountered check error:
Warning: Wire user_project.\la_data_out [22] is used but has no driver.

Encountered check error:
Warning: Wire user_project.\la_data_out [21] is used but has no driver.

Encountered check error:
Warning: Wire user_project.\la_data_out [20] is used but has no driver.

Encountered check error:
Warning: Wire user_project.\la_data_out [19] is used but has no driver.

Encountered check error:
Warning: Wire user_project.\la_data_out [18] is used but has no driver.

Encountered check error:
Warning: Wire user_project.\la_data_out [17] is used but has no driver.

Encountered check error:
Warning: Wire user_project.\la_data_out [16] is used but has no driver.

Encountered check error:
Warning: Wire user_project.\la_data_out [15] is used but has no driver.

Encountered check error:
Warning: Wire user_project.\la_data_out [14] is used but has no driver.

Encountered check error:
Warning: Wire user_project.\la_data_out [13] is used but has no driver.

Encountered check error:
Warning: Wire user_project.\la_data_out [12] is used but has no driver.

Encountered check error:
Warning: Wire user_project.\la_data_out [11] is used but has no driver.

Encountered check error:
Warning: Wire user_project.\la_data_out [10] is used but has no driver.

Encountered check error:
Warning: Wire user_project.\la_data_out [9] is used but has no driver.

Encountered check error:
Warning: Wire user_project.\la_data_out [8] is used but has no driver.

Encountered check error:
Warning: Wire user_project.\la_data_out [7] is used but has no driver.

Encountered check error:
Warning: Wire user_project.\la_data_out [6] is used but has no driver.

Encountered check error:
Warning: Wire user_project.\la_data_out [5] is used but has no driver.

Encountered check error:
Warning: Wire user_project.\la_data_out [4] is used but has no driver.

Encountered check error:
Warning: Wire user_project.\la_data_out [3] is used but has no driver.

Encountered check error:
Warning: Wire user_project.\la_data_out [2] is used but has no driver.

Encountered check error:
Warning: Wire user_project.\la_data_out [1] is used but has no driver.

Encountered check error:
Warning: Wire user_project.\la_data_out [0] is used but has no driver.

Encountered check error:
Warning: Wire user_project.\io_out [35] is used but has no driver.

Encountered check error:
Warning: Wire user_project.\io_out [34] is used but has no driver.

Encountered check error:
Warning: Wire user_project.\io_out [33] is used but has no driver.

Encountered check error:
Warning: Wire user_project.\io_out [32] is used but has no driver.

Encountered check error:
Warning: Wire user_project.\io_out [31] is used but has no driver.

Encountered check error:
Warning: Wire user_project.\io_out [30] is used but has no driver.

Encountered check error:
Warning: Wire user_project.\io_oeb [31] is used but has no driver.

Encountered check error:
Warning: Wire user_project.\io_oeb [30] is used but has no driver.

Encountered check error:
Warning: Wire user_project.\user_irq [2] is used but has no driver.

Encountered check error:
Warning: Wire user_project.\user_irq [1] is used but has no driver.

Encountered check error:
Warning: Wire user_project.\user_irq [0] is used but has no driver.

child process exited abnormally
[ERROR]: See the full report here: runs/RUN_2024.05.19_11.11.17/reports/synthesis/1-synthesis_pre_synth.chk.rpt
[ERROR]: Step 1 (synthesis) failed with error:
-code 1 -level 0 -errorstack {INNER {invokeStk1 throw_error} CALL {check_synth_misc /Users/marwan/work/caravel_user_mpc/openlane/user_project/runs/RUN_2024.05.19_11.11.17/reports/synthesis/1-synthesis_pre_synth.chk.rpt} CALL {run_synthesis_checkers /Users/marwan/work/caravel_user_mpc/openlane/user_project/runs/RUN_2024.05.19_11.11.17/logs/synthesis/1-synthesis.log /Users/marwan/work/caravel_user_mpc/openlane/user_project/runs/RUN_2024.05.19_11.11.17/reports/synthesis/1-synthesis_pre_synth.chk.rpt} CALL run_synthesis CALL {run_non_interactive_mode user_project}} -errorcode NONE -errorinfo {
    while executing
"throw_error"
    (procedure "check_synth_misc" line 17)
    invoked from within
"check_synth_misc $report"
    (procedure "run_synthesis_checkers" line 5)
    invoked from within
"run_synthesis_checkers $log $pre_synth_report"
    (procedure "run_synthesis" line 19)
    invoked from within
"run_synthesis"} -errorline 1
[ERROR]: Flow failed.
